2018/05/14 04:28:13 raft.go:553: INFO: ServerId|Term: 0|0 State transfer from None to Follower
2018/05/14 04:28:13 raft.go:553: INFO: ServerId|Term: 1|0 State transfer from None to Follower
2018/05/14 04:28:13 raft.go:553: INFO: ServerId|Term: 2|0 State transfer from None to Follower
2018/05/14 04:28:13 raft.go:544: INFO: ServerId|Term: 2|0 Follower loop start.
2018/05/14 04:28:13 raft.go:553: INFO: ServerId|Term: 2|0 State transfer from Follower to Candidate
2018/05/14 04:28:13 raft.go:544: INFO: ServerId|Term: 1|0 Follower loop start.
2018/05/14 04:28:13 raft.go:553: INFO: ServerId|Term: 1|0 State transfer from Follower to Candidate
2018/05/14 04:28:14 raft.go:544: INFO: ServerId|Term: 0|0 Follower loop start.
2018/05/14 04:28:14 raft.go:553: INFO: ServerId|Term: 0|0 State transfer from Follower to Candidate
2018/05/14 04:28:14 raft.go:532: INFO: ServerId|Term: 1|0 Candidate loop start.
2018/05/14 04:28:14 raft.go:415: INFO: ServerId|Term: 1|1 Election start, current term 1
2018/05/14 04:28:14 raft.go:319: INFO: ServerId|Term: 1|1 Send request vote to server 2
2018/05/14 04:28:14 raft.go:319: INFO: ServerId|Term: 1|1 Send request vote to server 0
2018/05/14 04:28:14 raft.go:553: INFO: ServerId|Term: 2|1 State transfer from Candidate to Follower
2018/05/14 04:28:14 raft.go:234: INFO: ServerId|Term: 2|1 Get RequestVote rpc from 1, Term 1, Reply {1 true}
2018/05/14 04:28:14 raft.go:447: INFO: ServerId|Term: 1|1 Get vote from server 2, Term 1
2018/05/14 04:28:14 raft.go:553: INFO: ServerId|Term: 0|1 State transfer from Candidate to Follower
2018/05/14 04:28:14 raft.go:234: INFO: ServerId|Term: 0|1 Get RequestVote rpc from 1, Term 1, Reply {1 true}
2018/05/14 04:28:14 raft.go:447: INFO: ServerId|Term: 1|1 Get vote from server 0, Term 1
2018/05/14 04:28:14 raft.go:470: INFO: ServerId|Term: 1|1 Election end, get 3 vote(s) out of 3
2018/05/14 04:28:14 raft.go:553: INFO: ServerId|Term: 1|1 State transfer from Candidate to Leader
2018/05/14 04:28:14 raft.go:286: INFO: ServerId|Term: 2|1 Get AppendEntries RPC from 1, Term 1, Reply {1 true}
2018/05/14 04:28:14 raft.go:286: INFO: ServerId|Term: 0|1 Get AppendEntries RPC from 1, Term 1, Reply {1 true}
2018/05/14 04:28:14 raft.go:520: INFO: ServerId|Term: 1|1 Leader loop start, current term 1.
2018/05/14 04:28:14 raft.go:286: INFO: ServerId|Term: 2|1 Get AppendEntries RPC from 1, Term 1, Reply {1 true}
2018/05/14 04:28:14 raft.go:286: INFO: ServerId|Term: 0|1 Get AppendEntries RPC from 1, Term 1, Reply {1 true}
2018/05/14 04:28:14 raft.go:520: INFO: ServerId|Term: 1|1 Leader loop start, current term 1.
2018/05/14 04:28:14 raft.go:286: INFO: ServerId|Term: 2|1 Get AppendEntries RPC from 1, Term 1, Reply {1 true}
2018/05/14 04:28:14 raft.go:286: INFO: ServerId|Term: 0|1 Get AppendEntries RPC from 1, Term 1, Reply {1 true}
2018/05/14 04:28:14 raft.go:520: INFO: ServerId|Term: 1|1 Leader loop start, current term 1.
2018/05/14 04:28:14 raft.go:286: INFO: ServerId|Term: 2|1 Get AppendEntries RPC from 1, Term 1, Reply {1 true}
2018/05/14 04:28:14 raft.go:286: INFO: ServerId|Term: 0|1 Get AppendEntries RPC from 1, Term 1, Reply {1 true}
2018/05/14 04:28:14 raft.go:520: INFO: ServerId|Term: 1|1 Leader loop start, current term 1.
2018/05/14 04:28:14 raft.go:286: INFO: ServerId|Term: 2|1 Get AppendEntries RPC from 1, Term 1, Reply {1 true}
2018/05/14 04:28:14 raft.go:286: INFO: ServerId|Term: 0|1 Get AppendEntries RPC from 1, Term 1, Reply {1 true}
2018/05/14 04:28:15 raft.go:520: INFO: ServerId|Term: 1|1 Leader loop start, current term 1.
2018/05/14 04:28:15 raft.go:286: INFO: ServerId|Term: 2|1 Get AppendEntries RPC from 1, Term 1, Reply {1 true}
2018/05/14 04:28:15 raft.go:286: INFO: ServerId|Term: 0|1 Get AppendEntries RPC from 1, Term 1, Reply {1 true}
2018/05/14 04:28:15 raft.go:520: INFO: ServerId|Term: 1|1 Leader loop start, current term 1.
2018/05/14 04:28:15 raft.go:286: INFO: ServerId|Term: 2|1 Get AppendEntries RPC from 1, Term 1, Reply {1 true}
2018/05/14 04:28:15 raft.go:286: INFO: ServerId|Term: 0|1 Get AppendEntries RPC from 1, Term 1, Reply {1 true}
2018/05/14 04:28:15 raft.go:520: INFO: ServerId|Term: 1|1 Leader loop start, current term 1.
2018/05/14 04:28:15 raft.go:286: INFO: ServerId|Term: 2|1 Get AppendEntries RPC from 1, Term 1, Reply {1 true}
2018/05/14 04:28:15 raft.go:286: INFO: ServerId|Term: 0|1 Get AppendEntries RPC from 1, Term 1, Reply {1 true}
2018/05/14 04:28:15 raft.go:520: INFO: ServerId|Term: 1|1 Leader loop start, current term 1.
2018/05/14 04:28:15 raft.go:286: INFO: ServerId|Term: 0|1 Get AppendEntries RPC from 1, Term 1, Reply {1 true}
2018/05/14 04:28:15 raft.go:286: INFO: ServerId|Term: 2|1 Get AppendEntries RPC from 1, Term 1, Reply {1 true}
2018/05/14 04:28:15 raft.go:520: INFO: ServerId|Term: 1|1 Leader loop start, current term 1.
2018/05/14 04:28:15 raft.go:286: INFO: ServerId|Term: 2|1 Get AppendEntries RPC from 1, Term 1, Reply {1 true}
2018/05/14 04:28:15 raft.go:286: INFO: ServerId|Term: 0|1 Get AppendEntries RPC from 1, Term 1, Reply {1 true}
2018/05/14 04:28:15 raft.go:520: INFO: ServerId|Term: 1|1 Leader loop start, current term 1.
2018/05/14 04:28:15 raft.go:286: INFO: ServerId|Term: 0|1 Get AppendEntries RPC from 1, Term 1, Reply {1 true}
2018/05/14 04:28:15 raft.go:286: INFO: ServerId|Term: 2|1 Get AppendEntries RPC from 1, Term 1, Reply {1 true}
2018/05/14 04:28:15 raft.go:520: INFO: ServerId|Term: 1|1 Leader loop start, current term 1.
2018/05/14 04:28:15 raft.go:286: INFO: ServerId|Term: 2|1 Get AppendEntries RPC from 1, Term 1, Reply {1 true}
2018/05/14 04:28:15 raft.go:286: INFO: ServerId|Term: 0|1 Get AppendEntries RPC from 1, Term 1, Reply {1 true}
2018/05/14 04:28:16 raft.go:520: INFO: ServerId|Term: 1|1 Leader loop start, current term 1.
2018/05/14 04:28:16 raft.go:286: INFO: ServerId|Term: 2|1 Get AppendEntries RPC from 1, Term 1, Reply {1 true}
2018/05/14 04:28:16 raft.go:286: INFO: ServerId|Term: 0|1 Get AppendEntries RPC from 1, Term 1, Reply {1 true}
2018/05/14 04:28:16 raft.go:520: INFO: ServerId|Term: 1|1 Leader loop start, current term 1.
2018/05/14 04:28:16 raft.go:286: INFO: ServerId|Term: 2|1 Get AppendEntries RPC from 1, Term 1, Reply {1 true}
2018/05/14 04:28:16 raft.go:286: INFO: ServerId|Term: 0|1 Get AppendEntries RPC from 1, Term 1, Reply {1 true}
2018/05/14 04:28:16 raft.go:520: INFO: ServerId|Term: 1|1 Leader loop start, current term 1.
2018/05/14 04:28:16 raft.go:286: INFO: ServerId|Term: 0|1 Get AppendEntries RPC from 1, Term 1, Reply {1 true}
2018/05/14 04:28:16 raft.go:286: INFO: ServerId|Term: 2|1 Get AppendEntries RPC from 1, Term 1, Reply {1 true}
2018/05/14 04:28:16 raft.go:520: INFO: ServerId|Term: 1|1 Leader loop start, current term 1.
2018/05/14 04:28:16 raft.go:286: INFO: ServerId|Term: 0|1 Get AppendEntries RPC from 1, Term 1, Reply {1 true}
2018/05/14 04:28:16 raft.go:286: INFO: ServerId|Term: 2|1 Get AppendEntries RPC from 1, Term 1, Reply {1 true}
